mode: set
github.com/rizkazn/gorestfull/services/user_mock.go:17.62,20.17 2 0
github.com/rizkazn/gorestfull/services/user_mock.go:25.2,26.19 2 0
github.com/rizkazn/gorestfull/services/user_mock.go:20.17,23.3 2 0
github.com/rizkazn/gorestfull/services/user_mock.go:29.76,32.17 2 0
github.com/rizkazn/gorestfull/services/user_mock.go:37.2,38.19 2 0
github.com/rizkazn/gorestfull/services/user_mock.go:32.17,35.3 2 0
github.com/rizkazn/gorestfull/services/user_mock.go:41.90,44.17 2 0
github.com/rizkazn/gorestfull/services/user_mock.go:49.2,50.19 2 0
github.com/rizkazn/gorestfull/services/user_mock.go:44.17,47.3 2 0
github.com/rizkazn/gorestfull/services/user_mock.go:53.71,56.17 2 0
github.com/rizkazn/gorestfull/services/user_mock.go:61.2,62.19 2 0
github.com/rizkazn/gorestfull/services/user_mock.go:56.17,59.3 2 0
github.com/rizkazn/gorestfull/services/user_mock.go:65.72,68.24 2 0
github.com/rizkazn/gorestfull/services/user_mock.go:73.2,74.16 2 0
github.com/rizkazn/gorestfull/services/user_mock.go:68.24,71.3 2 0
github.com/rizkazn/gorestfull/services/user_mock.go:76.72,79.24 2 0
github.com/rizkazn/gorestfull/services/user_mock.go:84.2,85.16 2 0
github.com/rizkazn/gorestfull/services/user_mock.go:79.24,82.3 2 0
github.com/rizkazn/gorestfull/services/user_mock.go:88.69,91.24 2 0
github.com/rizkazn/gorestfull/services/user_mock.go:96.2,97.16 2 0
github.com/rizkazn/gorestfull/services/user_mock.go:91.24,94.3 2 0
github.com/rizkazn/gorestfull/services/user_mock.go:100.68,103.24 2 0
github.com/rizkazn/gorestfull/services/user_mock.go:108.2,109.16 2 0
github.com/rizkazn/gorestfull/services/user_mock.go:103.24,106.3 2 0
github.com/rizkazn/gorestfull/services/category.go:13.70,15.2 1 0
github.com/rizkazn/gorestfull/services/category.go:17.65,20.16 2 1
github.com/rizkazn/gorestfull/services/category.go:25.2,31.21 2 1
github.com/rizkazn/gorestfull/services/category.go:20.16,23.3 1 0
github.com/rizkazn/gorestfull/services/category.go:34.87,37.16 2 1
github.com/rizkazn/gorestfull/services/category.go:42.2,48.21 2 1
github.com/rizkazn/gorestfull/services/category.go:37.16,40.3 1 0
github.com/rizkazn/gorestfull/services/category.go:51.101,54.16 2 1
github.com/rizkazn/gorestfull/services/category.go:59.2,65.21 2 1
github.com/rizkazn/gorestfull/services/category.go:54.16,57.3 1 0
github.com/rizkazn/gorestfull/services/category.go:68.74,71.16 2 1
github.com/rizkazn/gorestfull/services/category.go:76.2,82.21 2 1
github.com/rizkazn/gorestfull/services/category.go:71.16,74.3 1 0
github.com/rizkazn/gorestfull/services/category_mock.go:17.66,20.17 2 0
github.com/rizkazn/gorestfull/services/category_mock.go:25.2,26.19 2 0
github.com/rizkazn/gorestfull/services/category_mock.go:20.17,23.3 2 0
github.com/rizkazn/gorestfull/services/category_mock.go:29.88,32.17 2 0
github.com/rizkazn/gorestfull/services/category_mock.go:37.2,38.19 2 0
github.com/rizkazn/gorestfull/services/category_mock.go:32.17,35.3 2 0
github.com/rizkazn/gorestfull/services/category_mock.go:41.102,44.17 2 0
github.com/rizkazn/gorestfull/services/category_mock.go:49.2,50.19 2 0
github.com/rizkazn/gorestfull/services/category_mock.go:44.17,47.3 2 0
github.com/rizkazn/gorestfull/services/category_mock.go:53.75,56.17 2 0
github.com/rizkazn/gorestfull/services/category_mock.go:61.2,62.19 2 0
github.com/rizkazn/gorestfull/services/category_mock.go:56.17,59.3 2 0
github.com/rizkazn/gorestfull/services/history.go:13.69,15.2 1 0
github.com/rizkazn/gorestfull/services/history.go:17.65,20.16 2 1
github.com/rizkazn/gorestfull/services/history.go:25.2,31.21 2 1
github.com/rizkazn/gorestfull/services/history.go:20.16,23.3 1 0
github.com/rizkazn/gorestfull/services/history.go:34.85,37.16 2 1
github.com/rizkazn/gorestfull/services/history.go:42.2,48.21 2 1
github.com/rizkazn/gorestfull/services/history.go:37.16,40.3 1 0
github.com/rizkazn/gorestfull/services/history.go:51.99,54.16 2 1
github.com/rizkazn/gorestfull/services/history.go:59.2,65.21 2 1
github.com/rizkazn/gorestfull/services/history.go:54.16,57.3 1 0
github.com/rizkazn/gorestfull/services/history.go:68.74,71.16 2 1
github.com/rizkazn/gorestfull/services/history.go:76.2,82.21 2 1
github.com/rizkazn/gorestfull/services/history.go:71.16,74.3 1 0
github.com/rizkazn/gorestfull/services/history_mock.go:17.65,20.17 2 0
github.com/rizkazn/gorestfull/services/history_mock.go:25.2,26.19 2 0
github.com/rizkazn/gorestfull/services/history_mock.go:20.17,23.3 2 0
github.com/rizkazn/gorestfull/services/history_mock.go:29.85,32.17 2 0
github.com/rizkazn/gorestfull/services/history_mock.go:37.2,38.19 2 0
github.com/rizkazn/gorestfull/services/history_mock.go:32.17,35.3 2 0
github.com/rizkazn/gorestfull/services/history_mock.go:41.99,44.17 2 0
github.com/rizkazn/gorestfull/services/history_mock.go:49.2,50.19 2 0
github.com/rizkazn/gorestfull/services/history_mock.go:44.17,47.3 2 0
github.com/rizkazn/gorestfull/services/history_mock.go:53.74,56.17 2 0
github.com/rizkazn/gorestfull/services/history_mock.go:61.2,62.19 2 0
github.com/rizkazn/gorestfull/services/history_mock.go:56.17,59.3 2 0
github.com/rizkazn/gorestfull/services/product.go:13.69,15.2 1 0
github.com/rizkazn/gorestfull/services/product.go:17.65,20.16 2 1
github.com/rizkazn/gorestfull/services/product.go:25.2,31.21 2 1
github.com/rizkazn/gorestfull/services/product.go:20.16,23.3 1 0
github.com/rizkazn/gorestfull/services/product.go:34.85,37.16 2 1
github.com/rizkazn/gorestfull/services/product.go:42.2,48.21 2 1
github.com/rizkazn/gorestfull/services/product.go:37.16,40.3 1 0
github.com/rizkazn/gorestfull/services/product.go:51.99,54.16 2 1
github.com/rizkazn/gorestfull/services/product.go:59.2,65.21 2 1
github.com/rizkazn/gorestfull/services/product.go:54.16,57.3 1 0
github.com/rizkazn/gorestfull/services/product.go:68.74,71.16 2 1
github.com/rizkazn/gorestfull/services/product.go:76.2,82.21 2 1
github.com/rizkazn/gorestfull/services/product.go:71.16,74.3 1 0
github.com/rizkazn/gorestfull/services/product.go:85.82,88.16 2 0
github.com/rizkazn/gorestfull/services/product.go:93.2,99.21 2 0
github.com/rizkazn/gorestfull/services/product.go:88.16,91.3 1 0
github.com/rizkazn/gorestfull/services/product.go:102.69,105.16 2 0
github.com/rizkazn/gorestfull/services/product.go:110.2,116.21 2 0
github.com/rizkazn/gorestfull/services/product.go:105.16,108.3 1 0
github.com/rizkazn/gorestfull/services/product.go:119.68,122.16 2 0
github.com/rizkazn/gorestfull/services/product.go:127.2,133.21 2 0
github.com/rizkazn/gorestfull/services/product.go:122.16,125.3 1 0
github.com/rizkazn/gorestfull/services/product.go:136.71,139.16 2 0
github.com/rizkazn/gorestfull/services/product.go:144.2,150.21 2 0
github.com/rizkazn/gorestfull/services/product.go:139.16,142.3 1 0
github.com/rizkazn/gorestfull/services/product.go:153.70,156.16 2 0
github.com/rizkazn/gorestfull/services/product.go:161.2,167.21 2 0
github.com/rizkazn/gorestfull/services/product.go:156.16,159.3 1 0
github.com/rizkazn/gorestfull/services/product_mock.go:17.65,20.17 2 0
github.com/rizkazn/gorestfull/services/product_mock.go:25.2,26.19 2 0
github.com/rizkazn/gorestfull/services/product_mock.go:20.17,23.3 2 0
github.com/rizkazn/gorestfull/services/product_mock.go:29.85,32.17 2 0
github.com/rizkazn/gorestfull/services/product_mock.go:37.2,38.19 2 0
github.com/rizkazn/gorestfull/services/product_mock.go:32.17,35.3 2 0
github.com/rizkazn/gorestfull/services/product_mock.go:41.99,44.17 2 0
github.com/rizkazn/gorestfull/services/product_mock.go:49.2,50.19 2 0
github.com/rizkazn/gorestfull/services/product_mock.go:44.17,47.3 2 0
github.com/rizkazn/gorestfull/services/product_mock.go:53.74,56.17 2 0
github.com/rizkazn/gorestfull/services/product_mock.go:61.2,62.19 2 0
github.com/rizkazn/gorestfull/services/product_mock.go:56.17,59.3 2 0
github.com/rizkazn/gorestfull/services/product_mock.go:65.82,68.24 2 0
github.com/rizkazn/gorestfull/services/product_mock.go:73.2,74.19 2 0
github.com/rizkazn/gorestfull/services/product_mock.go:68.24,71.3 2 0
github.com/rizkazn/gorestfull/services/product_mock.go:77.69,80.24 2 0
github.com/rizkazn/gorestfull/services/product_mock.go:85.2,86.19 2 0
github.com/rizkazn/gorestfull/services/product_mock.go:80.24,83.3 2 0
github.com/rizkazn/gorestfull/services/product_mock.go:89.68,92.24 2 0
github.com/rizkazn/gorestfull/services/product_mock.go:97.2,98.19 2 0
github.com/rizkazn/gorestfull/services/product_mock.go:92.24,95.3 2 0
github.com/rizkazn/gorestfull/services/product_mock.go:101.71,104.24 2 0
github.com/rizkazn/gorestfull/services/product_mock.go:109.2,110.19 2 0
github.com/rizkazn/gorestfull/services/product_mock.go:104.24,107.3 2 0
github.com/rizkazn/gorestfull/services/product_mock.go:113.70,116.24 2 0
github.com/rizkazn/gorestfull/services/product_mock.go:121.2,122.19 2 0
github.com/rizkazn/gorestfull/services/product_mock.go:116.24,119.3 2 0
github.com/rizkazn/gorestfull/services/user.go:13.63,15.2 1 0
github.com/rizkazn/gorestfull/services/user.go:17.60,20.16 2 1
github.com/rizkazn/gorestfull/services/user.go:25.2,31.21 2 1
github.com/rizkazn/gorestfull/services/user.go:20.16,23.3 1 0
github.com/rizkazn/gorestfull/services/user.go:34.74,37.16 2 1
github.com/rizkazn/gorestfull/services/user.go:42.2,48.21 2 1
github.com/rizkazn/gorestfull/services/user.go:37.16,40.3 1 0
github.com/rizkazn/gorestfull/services/user.go:51.70,54.16 2 0
github.com/rizkazn/gorestfull/services/user.go:57.2,57.18 1 0
github.com/rizkazn/gorestfull/services/user.go:54.16,56.3 1 0
github.com/rizkazn/gorestfull/services/user.go:60.70,63.16 2 0
github.com/rizkazn/gorestfull/services/user.go:66.2,66.18 1 0
github.com/rizkazn/gorestfull/services/user.go:63.16,65.3 1 0
github.com/rizkazn/gorestfull/services/user.go:69.67,72.16 2 0
github.com/rizkazn/gorestfull/services/user.go:75.2,75.18 1 0
github.com/rizkazn/gorestfull/services/user.go:72.16,74.3 1 0
github.com/rizkazn/gorestfull/services/user.go:78.66,81.16 2 0
github.com/rizkazn/gorestfull/services/user.go:84.2,84.18 1 0
github.com/rizkazn/gorestfull/services/user.go:81.16,83.3 1 0
github.com/rizkazn/gorestfull/controllers/user.go:18.47,20.2 1 1
github.com/rizkazn/gorestfull/controllers/user.go:24.65,30.16 4 1
github.com/rizkazn/gorestfull/controllers/user.go:36.2,36.14 1 1
github.com/rizkazn/gorestfull/controllers/user.go:30.16,33.3 2 0
github.com/rizkazn/gorestfull/controllers/user.go:39.62,49.16 6 1
github.com/rizkazn/gorestfull/controllers/user.go:54.2,56.16 2 0
github.com/rizkazn/gorestfull/controllers/user.go:60.2,69.16 8 0
github.com/rizkazn/gorestfull/controllers/user.go:73.2,77.16 3 0
github.com/rizkazn/gorestfull/controllers/user.go:83.2,83.13 1 0
github.com/rizkazn/gorestfull/controllers/user.go:49.16,52.3 2 1
github.com/rizkazn/gorestfull/controllers/user.go:56.16,58.3 1 0
github.com/rizkazn/gorestfull/controllers/user.go:69.16,71.3 1 0
github.com/rizkazn/gorestfull/controllers/user.go:77.16,80.3 2 0
github.com/rizkazn/gorestfull/controllers/auth.go:20.48,22.2 1 0
github.com/rizkazn/gorestfull/controllers/auth.go:24.63,32.16 5 0
github.com/rizkazn/gorestfull/controllers/auth.go:37.2,39.16 2 0
github.com/rizkazn/gorestfull/controllers/auth.go:44.2,44.53 1 0
github.com/rizkazn/gorestfull/controllers/auth.go:49.2,51.16 2 0
github.com/rizkazn/gorestfull/controllers/auth.go:56.2,60.16 3 0
github.com/rizkazn/gorestfull/controllers/auth.go:65.2,65.59 1 0
github.com/rizkazn/gorestfull/controllers/auth.go:32.16,35.3 2 0
github.com/rizkazn/gorestfull/controllers/auth.go:39.16,42.3 2 0
github.com/rizkazn/gorestfull/controllers/auth.go:44.53,47.3 2 0
github.com/rizkazn/gorestfull/controllers/auth.go:51.16,54.3 2 0
github.com/rizkazn/gorestfull/controllers/auth.go:60.16,63.3 2 0
github.com/rizkazn/gorestfull/controllers/category.go:17.60,19.2 1 1
github.com/rizkazn/gorestfull/controllers/category.go:21.71,26.16 4 1
github.com/rizkazn/gorestfull/controllers/category.go:34.2,34.14 1 1
github.com/rizkazn/gorestfull/controllers/category.go:26.16,30.3 2 0
github.com/rizkazn/gorestfull/controllers/category.go:37.68,45.16 5 1
github.com/rizkazn/gorestfull/controllers/category.go:51.2,58.16 6 0
github.com/rizkazn/gorestfull/controllers/category.go:66.2,66.13 1 0
github.com/rizkazn/gorestfull/controllers/category.go:45.16,49.3 2 1
github.com/rizkazn/gorestfull/controllers/category.go:58.16,62.3 2 0
github.com/rizkazn/gorestfull/controllers/category.go:69.71,79.16 7 1
github.com/rizkazn/gorestfull/controllers/category.go:85.2,90.16 4 0
github.com/rizkazn/gorestfull/controllers/category.go:98.2,98.13 1 0
github.com/rizkazn/gorestfull/controllers/category.go:79.16,83.3 2 1
github.com/rizkazn/gorestfull/controllers/category.go:90.16,94.3 2 0
github.com/rizkazn/gorestfull/controllers/category.go:101.71,110.16 6 1
github.com/rizkazn/gorestfull/controllers/category.go:118.2,118.13 1 1
github.com/rizkazn/gorestfull/controllers/category.go:110.16,114.3 2 0
github.com/rizkazn/gorestfull/controllers/history.go:17.57,19.2 1 1
github.com/rizkazn/gorestfull/controllers/history.go:21.71,27.16 4 1
github.com/rizkazn/gorestfull/controllers/history.go:35.2,35.14 1 1
github.com/rizkazn/gorestfull/controllers/history.go:27.16,31.3 2 0
github.com/rizkazn/gorestfull/controllers/history.go:38.68,46.16 5 1
github.com/rizkazn/gorestfull/controllers/history.go:52.2,61.16 8 0
github.com/rizkazn/gorestfull/controllers/history.go:69.2,69.40 1 0
github.com/rizkazn/gorestfull/controllers/history.go:46.16,50.3 2 1
github.com/rizkazn/gorestfull/controllers/history.go:61.16,66.3 1 0
github.com/rizkazn/gorestfull/controllers/history.go:72.71,82.16 7 1
github.com/rizkazn/gorestfull/controllers/history.go:88.2,96.16 7 0
github.com/rizkazn/gorestfull/controllers/history.go:104.2,104.13 1 0
github.com/rizkazn/gorestfull/controllers/history.go:82.16,86.3 2 1
github.com/rizkazn/gorestfull/controllers/history.go:96.16,100.3 2 0
github.com/rizkazn/gorestfull/controllers/history.go:107.71,116.16 6 1
github.com/rizkazn/gorestfull/controllers/history.go:124.2,124.13 1 1
github.com/rizkazn/gorestfull/controllers/history.go:116.16,120.3 2 0
github.com/rizkazn/gorestfull/controllers/product.go:25.57,27.2 1 1
github.com/rizkazn/gorestfull/controllers/product.go:29.70,35.16 4 1
github.com/rizkazn/gorestfull/controllers/product.go:43.2,43.14 1 1
github.com/rizkazn/gorestfull/controllers/product.go:35.16,39.3 2 0
github.com/rizkazn/gorestfull/controllers/product.go:46.67,54.16 5 1
github.com/rizkazn/gorestfull/controllers/product.go:60.2,69.16 8 0
github.com/rizkazn/gorestfull/controllers/product.go:77.2,77.13 1 0
github.com/rizkazn/gorestfull/controllers/product.go:54.16,58.3 2 1
github.com/rizkazn/gorestfull/controllers/product.go:69.16,73.3 2 0
github.com/rizkazn/gorestfull/controllers/product.go:80.70,90.16 7 1
github.com/rizkazn/gorestfull/controllers/product.go:96.2,103.16 6 0
github.com/rizkazn/gorestfull/controllers/product.go:111.2,111.13 1 0
github.com/rizkazn/gorestfull/controllers/product.go:90.16,94.3 2 1
github.com/rizkazn/gorestfull/controllers/product.go:103.16,107.3 2 0
github.com/rizkazn/gorestfull/controllers/product.go:114.70,123.16 6 1
github.com/rizkazn/gorestfull/controllers/product.go:130.2,130.13 1 1
github.com/rizkazn/gorestfull/controllers/product.go:123.16,126.3 2 0
github.com/rizkazn/gorestfull/controllers/product.go:133.76,148.16 6 0
github.com/rizkazn/gorestfull/controllers/product.go:156.2,156.14 1 0
github.com/rizkazn/gorestfull/controllers/product.go:148.16,152.3 2 0
github.com/rizkazn/gorestfull/controllers/product.go:159.74,168.16 4 0
github.com/rizkazn/gorestfull/controllers/product.go:176.2,176.14 1 0
github.com/rizkazn/gorestfull/controllers/product.go:168.16,172.3 2 0
github.com/rizkazn/gorestfull/controllers/product.go:179.73,188.16 4 0
github.com/rizkazn/gorestfull/controllers/product.go:196.2,196.14 1 0
github.com/rizkazn/gorestfull/controllers/product.go:188.16,192.3 2 0
github.com/rizkazn/gorestfull/controllers/product.go:199.76,208.16 4 0
github.com/rizkazn/gorestfull/controllers/product.go:216.2,216.14 1 0
github.com/rizkazn/gorestfull/controllers/product.go:208.16,212.3 2 0
github.com/rizkazn/gorestfull/controllers/product.go:219.75,234.16 4 0
github.com/rizkazn/gorestfull/controllers/product.go:241.2,241.14 1 0
github.com/rizkazn/gorestfull/controllers/product.go:234.16,238.3 2 0
